2025-08-20 02:51:59 [error]: favorites routes is undefined - check export
2025-08-20 02:56:13 [error]: TSError: ⨯ Unable to compile TypeScript:
[96msrc/controllers/listingController.ts[0m:[93m386[0m:[93m13[0m - [91merror[0m[90m TS2353: [0mObject literal may only specify known properties, and 'slug' does not exist in type 'categoriesSelect<DefaultArgs>'.

[7m386[0m             slug: true
[7m   [0m [91m            ~~~~[0m
[96msrc/controllers/listingController.ts[0m:[93m474[0m:[93m21[0m - [91merror[0m[90m TS2339: [0mProperty 'categories' does not exist on type '{ category_id: string; vehicle_type_id: string; brand_id: string | null; model_id: string | null; city_id: string | null; district_id: string | null; description: string | null; title: string; ... 31 more ...; images: JsonValue; }'.

[7m474[0m         id: listing.categories?.id,
[7m   [0m [91m                    ~~~~~~~~~~[0m
[96msrc/controllers/listingController.ts[0m:[93m475[0m:[93m23[0m - [91merror[0m[90m TS2339: [0mProperty 'categories' does not exist on type '{ category_id: string; vehicle_type_id: string; brand_id: string | null; model_id: string | null; city_id: string | null; district_id: string | null; description: string | null; title: string; ... 31 more ...; images: JsonValue; }'.

[7m475[0m         name: listing.categories?.name || 'Kategori Bulunamadı',
[7m   [0m [91m                      ~~~~~~~~~~[0m
[96msrc/controllers/listingController.ts[0m:[93m476[0m:[93m23[0m - [91merror[0m[90m TS2339: [0mProperty 'categories' does not exist on type '{ category_id: string; vehicle_type_id: string; brand_id: string | null; model_id: string | null; city_id: string | null; district_id: string | null; description: string | null; title: string; ... 31 more ...; images: JsonValue; }'.

[7m476[0m         slug: listing.categories?.slug || 'kategori',
[7m   [0m [91m                      ~~~~~~~~~~[0m
[96msrc/controllers/listingController.ts[0m:[93m481[0m:[93m21[0m - [91merror[0m[90m TS2339: [0mProperty 'users' does not exist on type '{ category_id: string; vehicle_type_id: string; brand_id: string | null; model_id: string | null; city_id: string | null; district_id: string | null; description: string | null; title: string; ... 31 more ...; images: JsonValue; }'.

[7m481[0m         id: listing.users?.id || '',
[7m   [0m [91m                    ~~~~~[0m
[96msrc/controllers/listingController.ts[0m:[93m482[0m:[93m24[0m - [91merror[0m[90m TS2339: [0mProperty 'users' does not exist on type '{ category_id: string; vehicle_type_id: string; brand_id: string | null; model_id: string | null; city_id: string | null; district_id: string | null; description: string | null; title: string; ... 31 more ...; images: JsonValue; }'.

[7m482[0m         email: listing.users?.email || '',
[7m   [0m [91m                       ~~~~~[0m
[96msrc/controllers/listingController.ts[0m:[93m483[0m:[93m27[0m - [91merror[0m[90m TS2339: [0mProperty 'users' does not exist on type '{ category_id: string; vehicle_type_id: string; brand_id: string | null; model_id: string | null; city_id: string | null; district_id: string | null; description: string | null; title: string; ... 31 more ...; images: JsonValue; }'.

[7m483[0m         username: listing.users?.username || 'kullanici',
[7m   [0m [91m                          ~~~~~[0m
[96msrc/controllers/listingController.ts[0m:[93m484[0m:[93m29[0m - [91merror[0m[90m TS2339: [0mProperty 'users' does not exist on type '{ category_id: string; vehicle_type_id: string; brand_id: string | null; model_id: string | null; city_id: string | null; district_id: string | null; description: string | null; title: string; ... 31 more ...; images: JsonValue; }'.

[7m484[0m         first_name: listing.users?.first_name || 'Ad',
[7m   [0m [91m                            ~~~~~[0m
[96msrc/controllers/listingController.ts[0m:[93m485[0m:[93m28[0m - [91merror[0m[90m TS2339: [0mProperty 'users' does not exist on type '{ category_id: string; vehicle_type_id: string; brand_id: string | null; model_id: string | null; city_id: string | null; district_id: string | null; description: string | null; title: string; ... 31 more ...; images: JsonValue; }'.

[7m485[0m         last_name: listing.users?.last_name || 'Soyad',
[7m   [0m [91m                           ~~~~~[0m
[96msrc/controllers/listingController.ts[0m:[93m486[0m:[93m24[0m - [91merror[0m[90m TS2339: [0mProperty 'users' does not exist on type '{ category_id: string; vehicle_type_id: string; brand_id: string | null; model_id: string | null; city_id: string | null; district_id: string | null; description: string | null; title: string; ... 31 more ...; images: JsonValue; }'.

[7m486[0m         phone: listing.users?.phone || '',
[7m   [0m [91m                       ~~~~~[0m
[96msrc/controllers/listingController.ts[0m:[93m487[0m:[93m23[0m - [91merror[0m[90m TS2339: [0mProperty 'users' does not exist on type '{ category_id: string; vehicle_type_id: string; brand_id: string | null; model_id: string | null; city_id: string | null; district_id: string | null; description: string | null; title: string; ... 31 more ...; images: JsonValue; }'.

[7m487[0m         role: listing.users?.role || 'USER',
[7m   [0m [91m                      ~~~~~[0m
[96msrc/controllers/listingController.ts[0m:[93m488[0m:[93m28[0m - [91merror[0m[90m TS2339: [0mProperty 'users' does not exist on type '{ category_id: string; vehicle_type_id: string; brand_id: string | null; model_id: string | null; city_id: string | null; district_id: string | null; description: string | null; title: string; ... 31 more ...; images: JsonValue; }'.

[7m488[0m         is_active: listing.users?.is_active || true,
[7m   [0m [91m                           ~~~~~[0m
[96msrc/controllers/listingController.ts[0m:[93m489[0m:[93m36[0m - [91merror[0m[90m TS2339: [0mProperty 'users' does not exist on type '{ category_id: string; vehicle_type_id: string; brand_id: string | null; model_id: string | null; city_id: string | null; district_id: string | null; description: string | null; title: string; ... 31 more ...; images: JsonValue; }'.

[7m489[0m         is_email_verified: listing.users?.is_email_verified || false,
[7m   [0m [91m                                   ~~~~~[0m
[96msrc/controllers/listingController.ts[0m:[93m490[0m:[93m29[0m - [91merror[0m[90m TS2339: [0mProperty 'users' does not exist on type '{ category_id: string; vehicle_type_id: string; brand_id: string | null; model_id: string | null; city_id: string | null; district_id: string | null; description: string | null; title: string; ... 31 more ...; images: JsonValue; }'.

[7m490[0m         created_at: listing.users?.created_at || new Date(),
[7m   [0m [91m                            ~~~~~[0m
[96msrc/controllers/listingController.ts[0m:[93m491[0m:[93m29[0m - [91merror[0m[90m TS2339: [0mProperty 'users' does not exist on type '{ category_id: string; vehicle_type_id: string; brand_id: string | null; model_id: string | null; city_id: string | null; district_id: string | null; description: string | null; title: string; ... 31 more ...; images: JsonValue; }'.

[7m491[0m         updated_at: listing.users?.updated_at || new Date()
[7m   [0m [91m                            ~~~~~[0m
[96msrc/controllers/listingController.ts[0m:[93m493[0m:[93m23[0m - [91merror[0m[90m TS2339: [0mProperty 'listing_images' does not exist on type '{ category_id: string; vehicle_type_id: string; brand_id: string | null; model_id: string | null; city_id: string | null; district_id: string | null; description: string | null; title: string; ... 31 more ...; images: JsonValue; }'.

[7m493[0m       images: listing.listing_images?.map(img => img.url) || listing.images || [],
[7m   [0m [91m                      ~~~~~~~~~~~~~~[0m
[96msrc/controllers/listingController.ts[0m:[93m493[0m:[93m43[0m - [91merror[0m[90m TS7006: [0mParameter 'img' implicitly has an 'any' type.

[7m493[0m       images: listing.listing_images?.map(img => img.url) || listing.images || [],
[7m   [0m [91m                                          ~~~[0m
[96msrc/controllers/listingController.ts[0m:[93m494[0m:[93m28[0m - [91merror[0m[90m TS2339: [0mProperty 'districts' does not exist on type '{ category_id: string; vehicle_type_id: string; brand_id: string | null; model_id: string | null; city_id: string | null; district_id: string | null; description: string | null; title: string; ... 31 more ...; images: JsonValue; }'.

[7m494[0m       location: `${listing.districts?.name || ''}, ${listing.cities?.name || ''}`.replace(/^, |, $/, '') || 'Konum belirtilmemiş',
[7m   [0m [91m                           ~~~~~~~~~[0m
[96msrc/controllers/listingController.ts[0m:[93m494[0m:[93m62[0m - [91merror[0m[90m TS2339: [0mProperty 'cities' does not exist on type '{ category_id: string; vehicle_type_id: string; brand_id: string | null; model_id: string | null; city_id: string | null; district_id: string | null; description: string | null; title: string; ... 31 more ...; images: JsonValue; }'.

[7m494[0m       location: `${listing.districts?.name || ''}, ${listing.cities?.name || ''}`.replace(/^, |, $/, '') || 'Konum belirtilmemiş',
[7m   [0m [91m                                                             ~~~~~~[0m
[96msrc/controllers/listingController.ts[0m:[93m505[0m:[93m22[0m - [91merror[0m[90m TS2339: [0mProperty 'brands' does not exist on type '{ category_id: string; vehicle_type_id: string; brand_id: string | null; model_id: string | null; city_id: string | null; district_id: string | null; description: string | null; title: string; ... 31 more ...; images: JsonValue; }'.

[7m505[0m       brand: listing.brands?.name,
[7m   [0m [91m                     ~~~~~~[0m
[96msrc/controllers/listingController.ts[0m:[93m506[0m:[93m22[0m - [91merror[0m[90m TS2339: [0mProperty 'models' does not exist on type '{ category_id: string; vehicle_type_id: string; brand_id: string | null; model_id: string | null; city_id: string | null; district_id: string | null; description: string | null; title: string; ... 31 more ...; images: JsonValue; }'.

[7m506[0m       model: listing.models?.name,
[7m   [0m [91m                     ~~~~~~[0m
[96msrc/controllers/listingController.ts[0m:[93m507[0m:[93m24[0m - [91merror[0m[90m TS2339: [0mProperty 'variants' does not exist on type '{ category_id: string; vehicle_type_id: string; brand_id: string | null; model_id: string | null; city_id: string | null; district_id: string | null; description: string | null; title: string; ... 31 more ...; images: JsonValue; }'.

[7m507[0m       variant: listing.variants?.name
[7m   [0m [91m                       ~~~~~~~~[0m

    at createTSError (C:\Users\salih\Desktop\TruckBus\Backend\node_modules\ts-node\src\index.ts:859:12)
    at reportTSError (C:\Users\salih\Desktop\TruckBus\Backend\node_modules\ts-node\src\index.ts:863:19)
    at getOutput (C:\Users\salih\Desktop\TruckBus\Backend\node_modules\ts-node\src\index.ts:1077:36)
    at Object.compile (C:\Users\salih\Desktop\TruckBus\Backend\node_modules\ts-node\src\index.ts:1433:41)
    at Module.m._compile (C:\Users\salih\Desktop\TruckBus\Backend\node_modules\ts-node\src\index.ts:1617:30)
    at node:internal/modules/cjs/loader:1824:10
    at Object.require.extensions.<computed> [as .ts] (C:\Users\salih\Desktop\TruckBus\Backend\node_modules\ts-node\src\index.ts:1621:12)
    at Module.load (node:internal/modules/cjs/loader:1427:32)
    at Module._load (node:internal/modules/cjs/loader:1250:12)
    at TracingChannel.traceSync (node:diagnostics_channel:322:14)
2025-08-20 02:56:13 [error]: favorites routes is undefined - check export
2025-08-20 02:56:37 [error]: favorites routes is undefined - check export
2025-08-20 02:57:43 [error]: favorites routes is undefined - check export
2025-08-20 02:59:35 [error]: favorites routes is undefined - check export
2025-08-20 03:00:35 [error]: TypeError: Router.use() requires a middleware function but got a Object
    at router.use (C:\Users\salih\Desktop\TruckBus\Backend\node_modules\express\lib\router\index.js:469:13)
    at app.<anonymous> (C:\Users\salih\Desktop\TruckBus\Backend\node_modules\express\lib\application.js:227:21)
    at Array.forEach (<anonymous>)
    at app.use (C:\Users\salih\Desktop\TruckBus\Backend\node_modules\express\lib\application.js:224:7)
    at Object.<anonymous> (C:\Users\salih\Desktop\TruckBus\Backend\src\simpleIndex.ts:278:9)
    at Module._compile (node:internal/modules/cjs/loader:1692:14)
    at Module.m._compile (C:\Users\salih\Desktop\TruckBus\Backend\node_modules\ts-node\src\index.ts:1618:23)
    at node:internal/modules/cjs/loader:1824:10
    at Object.require.extensions.<computed> [as .ts] (C:\Users\salih\Desktop\TruckBus\Backend\node_modules\ts-node\src\index.ts:1621:12)
    at Module.load (node:internal/modules/cjs/loader:1427:32)
2025-08-20 03:00:35 [error]: TypeError: Router.use() requires a middleware function but got a Object
    at router.use (C:\Users\salih\Desktop\TruckBus\Backend\node_modules\express\lib\router\index.js:469:13)
    at app.<anonymous> (C:\Users\salih\Desktop\TruckBus\Backend\node_modules\express\lib\application.js:227:21)
    at Array.forEach (<anonymous>)
    at app.use (C:\Users\salih\Desktop\TruckBus\Backend\node_modules\express\lib\application.js:224:7)
    at Object.<anonymous> (C:\Users\salih\Desktop\TruckBus\Backend\src\simpleIndex.ts:278:9)
    at Module._compile (node:internal/modules/cjs/loader:1692:14)
    at Module.m._compile (C:\Users\salih\Desktop\TruckBus\Backend\node_modules\ts-node\src\index.ts:1618:23)
    at node:internal/modules/cjs/loader:1824:10
    at Object.require.extensions.<computed> [as .ts] (C:\Users\salih\Desktop\TruckBus\Backend\node_modules\ts-node\src\index.ts:1621:12)
    at Module.load (node:internal/modules/cjs/loader:1427:32)
2025-08-20 03:03:04 [error]: TypeError: Router.use() requires a middleware function but got a Object
    at router.use (C:\Users\salih\Desktop\TruckBus\Backend\node_modules\express\lib\router\index.js:469:13)
    at app.<anonymous> (C:\Users\salih\Desktop\TruckBus\Backend\node_modules\express\lib\application.js:227:21)
    at Array.forEach (<anonymous>)
    at app.use (C:\Users\salih\Desktop\TruckBus\Backend\node_modules\express\lib\application.js:224:7)
    at Object.<anonymous> (C:\Users\salih\Desktop\TruckBus\Backend\src\simpleIndex.ts:278:9)
    at Module._compile (node:internal/modules/cjs/loader:1692:14)
    at Module.m._compile (C:\Users\salih\Desktop\TruckBus\Backend\node_modules\ts-node\src\index.ts:1618:23)
    at node:internal/modules/cjs/loader:1824:10
    at Object.require.extensions.<computed> [as .ts] (C:\Users\salih\Desktop\TruckBus\Backend\node_modules\ts-node\src\index.ts:1621:12)
    at Module.load (node:internal/modules/cjs/loader:1427:32)
2025-08-20 03:04:11 [error]: TypeError: Router.use() requires a middleware function but got a Object
    at router.use (C:\Users\salih\Desktop\TruckBus\Backend\node_modules\express\lib\router\index.js:469:13)
    at app.<anonymous> (C:\Users\salih\Desktop\TruckBus\Backend\node_modules\express\lib\application.js:227:21)
    at Array.forEach (<anonymous>)
    at app.use (C:\Users\salih\Desktop\TruckBus\Backend\node_modules\express\lib\application.js:224:7)
    at Object.<anonymous> (C:\Users\salih\Desktop\TruckBus\Backend\src\simpleIndex.ts:278:9)
    at Module._compile (node:internal/modules/cjs/loader:1692:14)
    at Module.m._compile (C:\Users\salih\Desktop\TruckBus\Backend\node_modules\ts-node\src\index.ts:1618:23)
    at node:internal/modules/cjs/loader:1824:10
    at Object.require.extensions.<computed> [as .ts] (C:\Users\salih\Desktop\TruckBus\Backend\node_modules\ts-node\src\index.ts:1621:12)
    at Module.load (node:internal/modules/cjs/loader:1427:32)
2025-08-20 03:04:20 [error]: TypeError: Router.use() requires a middleware function but got a Object
    at router.use (C:\Users\salih\Desktop\TruckBus\Backend\node_modules\express\lib\router\index.js:469:13)
    at app.<anonymous> (C:\Users\salih\Desktop\TruckBus\Backend\node_modules\express\lib\application.js:227:21)
    at Array.forEach (<anonymous>)
    at app.use (C:\Users\salih\Desktop\TruckBus\Backend\node_modules\express\lib\application.js:224:7)
    at Object.<anonymous> (C:\Users\salih\Desktop\TruckBus\Backend\src\simpleIndex.ts:278:9)
    at Module._compile (node:internal/modules/cjs/loader:1692:14)
    at Module.m._compile (C:\Users\salih\Desktop\TruckBus\Backend\node_modules\ts-node\src\index.ts:1618:23)
    at node:internal/modules/cjs/loader:1824:10
    at Object.require.extensions.<computed> [as .ts] (C:\Users\salih\Desktop\TruckBus\Backend\node_modules\ts-node\src\index.ts:1621:12)
    at Module.load (node:internal/modules/cjs/loader:1427:32)
2025-08-20 03:04:27 [error]: TypeError: Router.use() requires a middleware function but got a Object
    at router.use (C:\Users\salih\Desktop\TruckBus\Backend\node_modules\express\lib\router\index.js:469:13)
    at app.<anonymous> (C:\Users\salih\Desktop\TruckBus\Backend\node_modules\express\lib\application.js:227:21)
    at Array.forEach (<anonymous>)
    at app.use (C:\Users\salih\Desktop\TruckBus\Backend\node_modules\express\lib\application.js:224:7)
    at Object.<anonymous> (C:\Users\salih\Desktop\TruckBus\Backend\src\simpleIndex.ts:278:9)
    at Module._compile (node:internal/modules/cjs/loader:1692:14)
    at Module.m._compile (C:\Users\salih\Desktop\TruckBus\Backend\node_modules\ts-node\src\index.ts:1618:23)
    at node:internal/modules/cjs/loader:1824:10
    at Object.require.extensions.<computed> [as .ts] (C:\Users\salih\Desktop\TruckBus\Backend\node_modules\ts-node\src\index.ts:1621:12)
    at Module.load (node:internal/modules/cjs/loader:1427:32)
2025-08-20 03:04:36 [error]: TypeError: Router.use() requires a middleware function but got a Object
    at router.use (C:\Users\salih\Desktop\TruckBus\Backend\node_modules\express\lib\router\index.js:469:13)
    at app.<anonymous> (C:\Users\salih\Desktop\TruckBus\Backend\node_modules\express\lib\application.js:227:21)
    at Array.forEach (<anonymous>)
    at app.use (C:\Users\salih\Desktop\TruckBus\Backend\node_modules\express\lib\application.js:224:7)
    at Object.<anonymous> (C:\Users\salih\Desktop\TruckBus\Backend\src\simpleIndex.ts:278:9)
    at Module._compile (node:internal/modules/cjs/loader:1692:14)
    at Module.m._compile (C:\Users\salih\Desktop\TruckBus\Backend\node_modules\ts-node\src\index.ts:1618:23)
    at node:internal/modules/cjs/loader:1824:10
    at Object.require.extensions.<computed> [as .ts] (C:\Users\salih\Desktop\TruckBus\Backend\node_modules\ts-node\src\index.ts:1621:12)
    at Module.load (node:internal/modules/cjs/loader:1427:32)
2025-08-20 03:04:45 [error]: TypeError: Router.use() requires a middleware function but got a Object
    at router.use (C:\Users\salih\Desktop\TruckBus\Backend\node_modules\express\lib\router\index.js:469:13)
    at app.<anonymous> (C:\Users\salih\Desktop\TruckBus\Backend\node_modules\express\lib\application.js:227:21)
    at Array.forEach (<anonymous>)
    at app.use (C:\Users\salih\Desktop\TruckBus\Backend\node_modules\express\lib\application.js:224:7)
    at Object.<anonymous> (C:\Users\salih\Desktop\TruckBus\Backend\src\simpleIndex.ts:278:9)
    at Module._compile (node:internal/modules/cjs/loader:1692:14)
    at Module.m._compile (C:\Users\salih\Desktop\TruckBus\Backend\node_modules\ts-node\src\index.ts:1618:23)
    at node:internal/modules/cjs/loader:1824:10
    at Object.require.extensions.<computed> [as .ts] (C:\Users\salih\Desktop\TruckBus\Backend\node_modules\ts-node\src\index.ts:1621:12)
    at Module.load (node:internal/modules/cjs/loader:1427:32)
2025-08-20 03:05:04 [error]: TypeError: Router.use() requires a middleware function but got a Object
    at router.use (C:\Users\salih\Desktop\TruckBus\Backend\node_modules\express\lib\router\index.js:469:13)
    at app.<anonymous> (C:\Users\salih\Desktop\TruckBus\Backend\node_modules\express\lib\application.js:227:21)
    at Array.forEach (<anonymous>)
    at app.use (C:\Users\salih\Desktop\TruckBus\Backend\node_modules\express\lib\application.js:224:7)
    at Object.<anonymous> (C:\Users\salih\Desktop\TruckBus\Backend\src\simpleIndex.ts:279:9)
    at Module._compile (node:internal/modules/cjs/loader:1692:14)
    at Module.m._compile (C:\Users\salih\Desktop\TruckBus\Backend\node_modules\ts-node\src\index.ts:1618:23)
    at node:internal/modules/cjs/loader:1824:10
    at Object.require.extensions.<computed> [as .ts] (C:\Users\salih\Desktop\TruckBus\Backend\node_modules\ts-node\src\index.ts:1621:12)
    at Module.load (node:internal/modules/cjs/loader:1427:32)
2025-08-20 03:05:15 [error]: TypeError: Router.use() requires a middleware function but got a Object
    at router.use (C:\Users\salih\Desktop\TruckBus\Backend\node_modules\express\lib\router\index.js:469:13)
    at app.<anonymous> (C:\Users\salih\Desktop\TruckBus\Backend\node_modules\express\lib\application.js:227:21)
    at Array.forEach (<anonymous>)
    at app.use (C:\Users\salih\Desktop\TruckBus\Backend\node_modules\express\lib\application.js:224:7)
    at Object.<anonymous> (C:\Users\salih\Desktop\TruckBus\Backend\src\simpleIndex.ts:279:9)
    at Module._compile (node:internal/modules/cjs/loader:1692:14)
    at Module.m._compile (C:\Users\salih\Desktop\TruckBus\Backend\node_modules\ts-node\src\index.ts:1618:23)
    at node:internal/modules/cjs/loader:1824:10
    at Object.require.extensions.<computed> [as .ts] (C:\Users\salih\Desktop\TruckBus\Backend\node_modules\ts-node\src\index.ts:1621:12)
    at Module.load (node:internal/modules/cjs/loader:1427:32)
2025-08-20 03:06:41 [error]: TypeError: Router.use() requires a middleware function but got a Object
    at router.use (C:\Users\salih\Desktop\TruckBus\Backend\node_modules\express\lib\router\index.js:469:13)
    at app.<anonymous> (C:\Users\salih\Desktop\TruckBus\Backend\node_modules\express\lib\application.js:227:21)
    at Array.forEach (<anonymous>)
    at app.use (C:\Users\salih\Desktop\TruckBus\Backend\node_modules\express\lib\application.js:224:7)
    at Object.<anonymous> (C:\Users\salih\Desktop\TruckBus\Backend\src\simpleIndex.ts:279:9)
    at Module._compile (node:internal/modules/cjs/loader:1692:14)
    at Module.m._compile (C:\Users\salih\Desktop\TruckBus\Backend\node_modules\ts-node\src\index.ts:1618:23)
    at node:internal/modules/cjs/loader:1824:10
    at Object.require.extensions.<computed> [as .ts] (C:\Users\salih\Desktop\TruckBus\Backend\node_modules\ts-node\src\index.ts:1621:12)
    at Module.load (node:internal/modules/cjs/loader:1427:32)
